<?xml version="1.0" encoding="UTF-8"?>
<!-- Generated by org.testng.reporters.JUnitXMLReporter -->
<testsuite ignored="0" hostname="IBM-3RKWNC4" failures="0" tests="7" name="Test" time="69.213" errors="0" timestamp="2026-01-02T15:05:57 IST">
  <testcase classname="com.ibm.practice.testNg.LoginTest" name="testValidLogin" time="0.327"/>
  <testcase classname="com.ibm.practice.testNg.ProductsTest" name="testProductsPageTitle" time="0.033"/>
  <testcase classname="com.ibm.practice.testNg.ProductsTest" name="testProductsDisplayed" time="0.016"/>
  <testcase classname="com.ibm.practice.testNg.ProductsTest" name="testProductCount" time="0.027"/>
  <testcase classname="com.ibm.practice.testNg.ProductsTest" name="testAddToCart" time="0.159"/>
  <testcase classname="com.ibm.practice.testNg.ProductsTest" name="testRemoveFromCart" time="10.216"/>
  <testcase classname="com.ibm.practice.testNg.ProductsTest" name="testAddMultipleItems" time="0.347"/>
</testsuite> <!-- Test -->
