<?xml version="1.0" encoding="UTF-8"?>
<!-- Generated by org.testng.reporters.JUnitXMLReporter -->
<testsuite ignored="2" hostname="IBM-3RKWNC4" failures="0" tests="7" name="Test" time="0.045" errors="0" timestamp="2025-12-29T16:39:43 IST">
  <testcase classname="com.ibm.practice.testNg.ProductsTest" name="@BeforeSuite loginBeforeEachTest" time="0.001">
    <failure type="java.lang.NullPointerException" message="Cannot invoke &amp;quot;org.openqa.selenium.WebDriver.findElement(org.openqa.selenium.By)&amp;quot; because &amp;quot;this.driver&amp;quot; is null">
      <![CDATA[java.lang.NullPointerException: Cannot invoke "org.openqa.selenium.WebDriver.findElement(org.openqa.selenium.By)" because "this.driver" is null
at com.ibm.practice.testNg.ProductsTest.loginBeforeEachTest(ProductsTest.java:22)
... Removed 17 stack frames]]>
    </failure>
  </testcase> <!-- @BeforeSuite loginBeforeEachTest -->
  <testcase classname="com.ibm.practice.testNg.LoginTest" name="testValidLogin" time="0.0">
    <skipped/>
  </testcase> <!-- testValidLogin -->
  <testcase classname="com.ibm.practice.testNg.ProductsTest" name="testProductsPageTitle" time="0.0">
    <skipped/>
  </testcase> <!-- testProductsPageTitle -->
  <testcase classname="com.ibm.practice.testNg.ProductsTest" name="testProductsDisplayed" time="0.0">
    <skipped/>
  </testcase> <!-- testProductsDisplayed -->
  <testcase classname="com.ibm.practice.testNg.ProductsTest" name="testProductCount" time="0.0">
    <skipped/>
  </testcase> <!-- testProductCount -->
  <testcase classname="com.ibm.practice.testNg.ProductsTest" name="testAddToCart" time="0.0">
    <skipped/>
  </testcase> <!-- testAddToCart -->
  <testcase classname="com.ibm.practice.testNg.ProductsTest" name="testRemoveFromCart" time="0.0">
    <skipped/>
  </testcase> <!-- testRemoveFromCart -->
  <testcase classname="com.ibm.practice.testNg.ProductsTest" name="testAddMultipleItems" time="0.0">
    <skipped/>
  </testcase> <!-- testAddMultipleItems -->
  <testcase classname="com.ibm.practice.testNg.BaseTest" name="@AfterSuite tearDown" time="0.0">
    <ignored/>
  </testcase> <!-- @AfterSuite tearDown -->
  <testcase classname="com.ibm.practice.testNg.BaseTest" name="@BeforeSuite setUp" time="0.0">
    <ignored/>
  </testcase> <!-- @BeforeSuite setUp -->
</testsuite> <!-- Test -->
