<?xml version="1.0" encoding="UTF-8"?>
<testng-results ignored="0" total="7" passed="7" failed="0" skipped="0">
  <reporter-output>
  </reporter-output>
  <suite started-at="2026-01-02T15:04:47 IST" name="Suite" finished-at="2026-01-02T15:05:57 IST" duration-ms="69213">
    <groups>
    </groups>
    <test started-at="2026-01-02T15:04:47 IST" name="Test" finished-at="2026-01-02T15:05:57 IST" duration-ms="69213">
      <class name="com.ibm.practice.testNg.ProductsTest">
        <test-method is-config="true" signature="setUp()[pri:0, instance:com.ibm.practice.testNg.ProductsTest@702657cc]" started-at="2026-01-02T15:04:54 IST" name="setUp" finished-at="2026-01-02T15:04:58 IST" duration-ms="4202" status="PASS">
          <reporter-output>
          </reporter-output>
        </test-method> <!-- setUp -->
        <test-method is-config="true" signature="loginBeforeEachTest()[pri:0, instance:com.ibm.practice.testNg.ProductsTest@702657cc]" started-at="2026-01-02T15:04:58 IST" name="loginBeforeEachTest" finished-at="2026-01-02T15:04:59 IST" duration-ms="272" status="PASS">
          <reporter-output>
          </reporter-output>
        </test-method> <!-- loginBeforeEachTest -->
        <test-method signature="testProductsPageTitle()[pri:1, instance:com.ibm.practice.testNg.ProductsTest@702657cc]" started-at="2026-01-02T15:04:59 IST" name="testProductsPageTitle" finished-at="2026-01-02T15:04:59 IST" duration-ms="33" status="PASS">
          <reporter-output>
          </reporter-output>
        </test-method> <!-- testProductsPageTitle -->
        <test-method is-config="true" signature="cleanupAfterEachTest()[pri:0, instance:com.ibm.practice.testNg.ProductsTest@702657cc]" started-at="2026-01-02T15:04:59 IST" name="cleanupAfterEachTest" finished-at="2026-01-02T15:05:09 IST" duration-ms="10416" status="PASS">
          <reporter-output>
          </reporter-output>
        </test-method> <!-- cleanupAfterEachTest -->
        <test-method is-config="true" signature="loginBeforeEachTest()[pri:0, instance:com.ibm.practice.testNg.ProductsTest@702657cc]" started-at="2026-01-02T15:05:09 IST" name="loginBeforeEachTest" finished-at="2026-01-02T15:05:09 IST" duration-ms="279" status="PASS">
          <reporter-output>
          </reporter-output>
        </test-method> <!-- loginBeforeEachTest -->
        <test-method signature="testProductsDisplayed()[pri:2, instance:com.ibm.practice.testNg.ProductsTest@702657cc]" started-at="2026-01-02T15:05:09 IST" name="testProductsDisplayed" finished-at="2026-01-02T15:05:09 IST" duration-ms="16" status="PASS">
          <reporter-output>
          </reporter-output>
        </test-method> <!-- testProductsDisplayed -->
        <test-method is-config="true" signature="cleanupAfterEachTest()[pri:0, instance:com.ibm.practice.testNg.ProductsTest@702657cc]" started-at="2026-01-02T15:05:09 IST" name="cleanupAfterEachTest" finished-at="2026-01-02T15:05:20 IST" duration-ms="10384" status="PASS">
          <reporter-output>
          </reporter-output>
        </test-method> <!-- cleanupAfterEachTest -->
        <test-method is-config="true" signature="loginBeforeEachTest()[pri:0, instance:com.ibm.practice.testNg.ProductsTest@702657cc]" started-at="2026-01-02T15:05:20 IST" name="loginBeforeEachTest" finished-at="2026-01-02T15:05:20 IST" duration-ms="267" status="PASS">
          <reporter-output>
          </reporter-output>
        </test-method> <!-- loginBeforeEachTest -->
        <test-method signature="testProductCount()[pri:3, instance:com.ibm.practice.testNg.ProductsTest@702657cc]" started-at="2026-01-02T15:05:20 IST" name="testProductCount" finished-at="2026-01-02T15:05:20 IST" duration-ms="27" status="PASS">
          <reporter-output>
          </reporter-output>
        </test-method> <!-- testProductCount -->
        <test-method is-config="true" signature="cleanupAfterEachTest()[pri:0, instance:com.ibm.practice.testNg.ProductsTest@702657cc]" started-at="2026-01-02T15:05:20 IST" name="cleanupAfterEachTest" finished-at="2026-01-02T15:05:30 IST" duration-ms="10344" status="PASS">
          <reporter-output>
          </reporter-output>
        </test-method> <!-- cleanupAfterEachTest -->
        <test-method is-config="true" signature="loginBeforeEachTest()[pri:0, instance:com.ibm.practice.testNg.ProductsTest@702657cc]" started-at="2026-01-02T15:05:30 IST" name="loginBeforeEachTest" finished-at="2026-01-02T15:05:31 IST" duration-ms="251" status="PASS">
          <reporter-output>
          </reporter-output>
        </test-method> <!-- loginBeforeEachTest -->
        <test-method signature="testAddToCart()[pri:4, instance:com.ibm.practice.testNg.ProductsTest@702657cc]" started-at="2026-01-02T15:05:31 IST" name="testAddToCart" finished-at="2026-01-02T15:05:31 IST" duration-ms="159" status="PASS">
          <reporter-output>
          </reporter-output>
        </test-method> <!-- testAddToCart -->
        <test-method is-config="true" signature="cleanupAfterEachTest()[pri:0, instance:com.ibm.practice.testNg.ProductsTest@702657cc]" started-at="2026-01-02T15:05:31 IST" name="cleanupAfterEachTest" finished-at="2026-01-02T15:05:32 IST" duration-ms="674" status="PASS">
          <reporter-output>
          </reporter-output>
        </test-method> <!-- cleanupAfterEachTest -->
        <test-method is-config="true" signature="loginBeforeEachTest()[pri:0, instance:com.ibm.practice.testNg.ProductsTest@702657cc]" started-at="2026-01-02T15:05:32 IST" name="loginBeforeEachTest" finished-at="2026-01-02T15:05:32 IST" duration-ms="244" status="PASS">
          <reporter-output>
          </reporter-output>
        </test-method> <!-- loginBeforeEachTest -->
        <test-method signature="testRemoveFromCart()[pri:5, instance:com.ibm.practice.testNg.ProductsTest@702657cc]" started-at="2026-01-02T15:05:32 IST" name="testRemoveFromCart" finished-at="2026-01-02T15:05:42 IST" duration-ms="10216" status="PASS">
          <reporter-output>
          </reporter-output>
        </test-method> <!-- testRemoveFromCart -->
        <test-method is-config="true" signature="cleanupAfterEachTest()[pri:0, instance:com.ibm.practice.testNg.ProductsTest@702657cc]" started-at="2026-01-02T15:05:42 IST" name="cleanupAfterEachTest" finished-at="2026-01-02T15:05:52 IST" duration-ms="10381" status="PASS">
          <reporter-output>
          </reporter-output>
        </test-method> <!-- cleanupAfterEachTest -->
        <test-method is-config="true" signature="loginBeforeEachTest()[pri:0, instance:com.ibm.practice.testNg.ProductsTest@702657cc]" started-at="2026-01-02T15:05:52 IST" name="loginBeforeEachTest" finished-at="2026-01-02T15:05:53 IST" duration-ms="265" status="PASS">
          <reporter-output>
          </reporter-output>
        </test-method> <!-- loginBeforeEachTest -->
        <test-method signature="testAddMultipleItems()[pri:6, instance:com.ibm.practice.testNg.ProductsTest@702657cc]" started-at="2026-01-02T15:05:53 IST" name="testAddMultipleItems" finished-at="2026-01-02T15:05:53 IST" duration-ms="347" status="PASS">
          <reporter-output>
          </reporter-output>
        </test-method> <!-- testAddMultipleItems -->
        <test-method is-config="true" signature="cleanupAfterEachTest()[pri:0, instance:com.ibm.practice.testNg.ProductsTest@702657cc]" started-at="2026-01-02T15:05:53 IST" name="cleanupAfterEachTest" finished-at="2026-01-02T15:05:54 IST" duration-ms="936" status="PASS">
          <reporter-output>
          </reporter-output>
        </test-method> <!-- cleanupAfterEachTest -->
        <test-method is-config="true" signature="tearDown()[pri:0, instance:com.ibm.practice.testNg.ProductsTest@702657cc]" started-at="2026-01-02T15:05:54 IST" name="tearDown" finished-at="2026-01-02T15:05:57 IST" duration-ms="2750" status="PASS">
          <reporter-output>
          </reporter-output>
        </test-method> <!-- tearDown -->
      </class> <!-- com.ibm.practice.testNg.ProductsTest -->
      <class name="com.ibm.practice.testNg.LoginTest">
        <test-method is-config="true" signature="setUp()[pri:0, instance:com.ibm.practice.testNg.LoginTest@45752059]" started-at="2026-01-02T15:04:48 IST" name="setUp" finished-at="2026-01-02T15:04:53 IST" duration-ms="5131" status="PASS">
          <reporter-output>
          </reporter-output>
        </test-method> <!-- setUp -->
        <test-method signature="testValidLogin()[pri:0, instance:com.ibm.practice.testNg.LoginTest@45752059]" started-at="2026-01-02T15:04:53 IST" name="testValidLogin" finished-at="2026-01-02T15:04:53 IST" duration-ms="327" status="PASS">
          <reporter-output>
          </reporter-output>
        </test-method> <!-- testValidLogin -->
        <test-method is-config="true" signature="tearDown()[pri:0, instance:com.ibm.practice.testNg.LoginTest@45752059]" started-at="2026-01-02T15:04:53 IST" name="tearDown" finished-at="2026-01-02T15:04:54 IST" duration-ms="1209" status="PASS">
          <reporter-output>
          </reporter-output>
        </test-method> <!-- tearDown -->
      </class> <!-- com.ibm.practice.testNg.LoginTest -->
    </test> <!-- Test -->
  </suite> <!-- Suite -->
</testng-results>
