<?xml version="1.0" encoding="UTF-8"?>
<testng-results ignored="0" total="1" passed="1" failed="0" skipped="0">
  <reporter-output>
  </reporter-output>
  <suite started-at="2025-12-30T15:04:17 IST" name="Default suite" finished-at="2025-12-30T15:04:20 IST" duration-ms="2735">
    <groups>
    </groups>
    <test started-at="2025-12-30T15:04:17 IST" name="Default test" finished-at="2025-12-30T15:04:20 IST" duration-ms="2735">
      <class name="com.ibm.testNgPractice2.search.SearchWithFilters">
        <test-method is-config="true" signature="openUrl()[pri:0, instance:com.ibm.testNgPractice2.search.SearchWithFilters@dd05255]" started-at="2025-12-30T15:04:14 IST" name="openUrl" finished-at="2025-12-30T15:04:17 IST" duration-ms="3185" status="PASS">
          <reporter-output>
          </reporter-output>
        </test-method> <!-- openUrl -->
        <test-method signature="todaysDeals()[pri:0, instance:com.ibm.testNgPractice2.search.SearchWithFilters@dd05255]" started-at="2025-12-30T15:04:17 IST" name="todaysDeals" finished-at="2025-12-30T15:04:20 IST" duration-ms="2710" status="PASS">
          <reporter-output>
          </reporter-output>
        </test-method> <!-- todaysDeals -->
        <test-method is-config="true" signature="closeBrowser()[pri:0, instance:com.ibm.testNgPractice2.search.SearchWithFilters@dd05255]" started-at="2025-12-30T15:04:20 IST" name="closeBrowser" finished-at="2025-12-30T15:04:21 IST" duration-ms="907" status="PASS">
          <reporter-output>
          </reporter-output>
        </test-method> <!-- closeBrowser -->
      </class> <!-- com.ibm.testNgPractice2.search.SearchWithFilters -->
    </test> <!-- Default test -->
  </suite> <!-- Default suite -->
</testng-results>
