<?xml version="1.0" encoding="UTF-8"?>
<testng-results ignored="0" total="4" passed="4" failed="0" skipped="0">
  <reporter-output>
  </reporter-output>
  <suite started-at="2026-01-07T12:16:09 IST" name="Default suite" finished-at="2026-01-07T12:16:16 IST" duration-ms="6361">
    <groups>
    </groups>
    <test started-at="2026-01-07T12:16:09 IST" name="Default test" finished-at="2026-01-07T12:16:16 IST" duration-ms="6361">
      <class name="RestAssuredPractice">
        <test-method is-config="true" signature="setup()[pri:0, instance:RestAssuredPractice@293a5bf6]" started-at="2026-01-07T12:16:09 IST" name="setup" finished-at="2026-01-07T12:16:10 IST" duration-ms="219" status="PASS">
          <reporter-output>
          </reporter-output>
        </test-method> <!-- setup -->
        <test-method signature="deleteReq()[pri:0, instance:RestAssuredPractice@293a5bf6]" started-at="2026-01-07T12:16:10 IST" name="deleteReq" finished-at="2026-01-07T12:16:12 IST" duration-ms="2317" status="PASS">
          <reporter-output>
          </reporter-output>
        </test-method> <!-- deleteReq -->
        <test-method signature="getReq()[pri:0, instance:RestAssuredPractice@293a5bf6]" started-at="2026-01-07T12:16:12 IST" name="getReq" finished-at="2026-01-07T12:16:13 IST" duration-ms="968" status="PASS">
          <reporter-output>
          </reporter-output>
        </test-method> <!-- getReq -->
        <test-method is-config="true" signature="setup()[pri:0, instance:RestAssuredPractice@293a5bf6]" started-at="2026-01-07T12:16:12 IST" name="setup" finished-at="2026-01-07T12:16:12 IST" duration-ms="0" status="PASS">
          <reporter-output>
          </reporter-output>
        </test-method> <!-- setup -->
        <test-method is-config="true" signature="setup()[pri:0, instance:RestAssuredPractice@293a5bf6]" started-at="2026-01-07T12:16:13 IST" name="setup" finished-at="2026-01-07T12:16:13 IST" duration-ms="1" status="PASS">
          <reporter-output>
          </reporter-output>
        </test-method> <!-- setup -->
        <test-method signature="postReq()[pri:0, instance:RestAssuredPractice@293a5bf6]" started-at="2026-01-07T12:16:13 IST" name="postReq" finished-at="2026-01-07T12:16:14 IST" duration-ms="1333" status="PASS">
          <reporter-output>
          </reporter-output>
        </test-method> <!-- postReq -->
        <test-method is-config="true" signature="setup()[pri:0, instance:RestAssuredPractice@293a5bf6]" started-at="2026-01-07T12:16:14 IST" name="setup" finished-at="2026-01-07T12:16:14 IST" duration-ms="1" status="PASS">
          <reporter-output>
          </reporter-output>
        </test-method> <!-- setup -->
        <test-method signature="putReq()[pri:0, instance:RestAssuredPractice@293a5bf6]" started-at="2026-01-07T12:16:14 IST" name="putReq" finished-at="2026-01-07T12:16:16 IST" duration-ms="1482" status="PASS">
          <reporter-output>
          </reporter-output>
        </test-method> <!-- putReq -->
      </class> <!-- RestAssuredPractice -->
    </test> <!-- Default test -->
  </suite> <!-- Default suite -->
</testng-results>
