<?xml version="1.0" encoding="UTF-8"?>
<!-- Generated by org.testng.reporters.JUnitReportReporter -->
<testsuite hostname="IBM-3RKWNC4" failures="0" tests="6" name="com.ibm.practice.testNg.ProductsTest" time="55.511" errors="0" timestamp="2026-01-02T15:05:57 IST" skipped="0">
  <testcase classname="com.ibm.practice.testNg.ProductsTest" name="testProductsPageTitle" time="10.716"/>
  <testcase classname="com.ibm.practice.testNg.ProductsTest" name="testProductsDisplayed" time="10.604"/>
  <testcase classname="com.ibm.practice.testNg.ProductsTest" name="testProductCount" time="10.659"/>
  <testcase classname="com.ibm.practice.testNg.ProductsTest" name="testAddToCart" time="10.815"/>
  <testcase classname="com.ibm.practice.testNg.ProductsTest" name="testRemoveFromCart" time="11.169"/>
  <testcase classname="com.ibm.practice.testNg.ProductsTest" name="testAddMultipleItems" time="1.548"/>
</testsuite> <!-- com.ibm.practice.testNg.ProductsTest -->
