<?xml version="1.0" encoding="UTF-8"?>
<!-- Generated by org.testng.reporters.JUnitReportReporter -->
<testsuite hostname="IBM-3RKWNC4" failures="0" tests="6" name="com.ibm.practice.testNg.ProductsTest" time="3.029" errors="0" timestamp="2025-12-29T16:46:38 IST" skipped="0">
  <testcase classname="com.ibm.practice.testNg.ProductsTest" name="testProductsPageTitle" time="0.539"/>
  <testcase classname="com.ibm.practice.testNg.ProductsTest" name="testProductsDisplayed" time="0.337"/>
  <testcase classname="com.ibm.practice.testNg.ProductsTest" name="testProductCount" time="0.372"/>
  <testcase classname="com.ibm.practice.testNg.ProductsTest" name="testAddToCart" time="0.379"/>
  <testcase classname="com.ibm.practice.testNg.ProductsTest" name="testRemoveFromCart" time="0.439"/>
  <testcase classname="com.ibm.practice.testNg.ProductsTest" name="testAddMultipleItems" time="0.963"/>
</testsuite> <!-- com.ibm.practice.testNg.ProductsTest -->
