<?xml version="1.0" encoding="UTF-8"?>
<!-- Generated by org.testng.reporters.JUnitXMLReporter -->
<testsuite ignored="0" hostname="IBM-3RKWNC4" failures="0" tests="7" name="Default test" time="10.888" errors="0" timestamp="2025-12-29T16:46:38 IST">
  <testcase classname="com.ibm.practice.testNg.ProductsTest" name="testProductsPageTitle" time="0.038"/>
  <testcase classname="com.ibm.practice.testNg.ProductsTest" name="testProductsDisplayed" time="0.006"/>
  <testcase classname="com.ibm.practice.testNg.ProductsTest" name="testProductCount" time="0.007"/>
  <testcase classname="com.ibm.practice.testNg.ProductsTest" name="testAddToCart" time="0.091"/>
  <testcase classname="com.ibm.practice.testNg.ProductsTest" name="testRemoveFromCart" time="0.148"/>
  <testcase classname="com.ibm.practice.testNg.ProductsTest" name="testAddMultipleItems" time="0.229"/>
  <testcase classname="com.ibm.practice.testNg.LoginTest" name="testValidLogin" time="0.19"/>
</testsuite> <!-- Default test -->
