<?xml version="1.0" encoding="UTF-8"?>
<!-- Generated by org.testng.reporters.JUnitXMLReporter -->
<testsuite ignored="0" hostname="IBM-3RKWNC4" failures="0" tests="6" name="Default test" time="62.885" errors="0" timestamp="2026-01-02T15:03:27 IST">
  <testcase classname="com.ibm.practice.testNg.ProductsTest" name="testProductsPageTitle" time="0.047"/>
  <testcase classname="com.ibm.practice.testNg.ProductsTest" name="testProductsDisplayed" time="0.023"/>
  <testcase classname="com.ibm.practice.testNg.ProductsTest" name="testProductCount" time="0.032"/>
  <testcase classname="com.ibm.practice.testNg.ProductsTest" name="testAddToCart" time="0.182"/>
  <testcase classname="com.ibm.practice.testNg.ProductsTest" name="testRemoveFromCart" time="10.245"/>
  <testcase classname="com.ibm.practice.testNg.ProductsTest" name="testAddMultipleItems" time="0.412"/>
</testsuite> <!-- Default test -->
