<?xml version="1.0" encoding="UTF-8"?>
<!-- Generated by org.testng.reporters.JUnitReportReporter -->
<testsuite hostname="IBM-3RKWNC4" failures="0" tests="4" name="RestAssuredPractice" time="6.321" errors="0" timestamp="2026-01-07T12:16:16 IST" skipped="0">
  <testcase classname="RestAssuredPractice" name="getReq" time="0.969"/>
  <testcase classname="RestAssuredPractice" name="putReq" time="1.701"/>
  <testcase classname="RestAssuredPractice" name="deleteReq" time="2.317"/>
  <testcase classname="RestAssuredPractice" name="postReq" time="1.334"/>
</testsuite> <!-- RestAssuredPractice -->
