<?xml version="1.0" encoding="UTF-8"?>
<!-- Generated by org.testng.reporters.JUnitXMLReporter -->
<testsuite ignored="0" hostname="IBM-3RKWNC4" failures="0" tests="4" name="Default test" time="6.361" errors="0" timestamp="2026-01-07T12:16:16 IST">
  <testcase classname="RestAssuredPractice" name="deleteReq" time="2.317"/>
  <testcase classname="RestAssuredPractice" name="getReq" time="0.968"/>
  <testcase classname="RestAssuredPractice" name="postReq" time="1.333"/>
  <testcase classname="RestAssuredPractice" name="putReq" time="1.482"/>
</testsuite> <!-- Default test -->
