<?xml version="1.0" encoding="UTF-8"?>
<!-- Generated by org.testng.reporters.JUnitXMLReporter -->
<testsuite ignored="2" hostname="IBM-3RKWNC4" failures="1" tests="1" name="Test" time="0.043" errors="0" timestamp="2025-12-30T14:16:31 IST">
  <testcase classname="com.ibm.testNgPractice2.search.SearchWithFilters" name="todaysDeals" time="0.006">
    <failure type="java.lang.NullPointerException" message="Cannot invoke &amp;quot;org.openqa.selenium.WebDriver.findElement(org.openqa.selenium.By)&amp;quot; because &amp;quot;this.driver&amp;quot; is null">
      <![CDATA[java.lang.NullPointerException: Cannot invoke "org.openqa.selenium.WebDriver.findElement(org.openqa.selenium.By)" because "this.driver" is null
at com.ibm.testNgPractice2.search.SearchWithFilters.todaysDeals(SearchWithFilters.java:13)
at java.base/java.util.ArrayList.forEach(ArrayList.java:1596)
... Removed 25 stack frames]]>
    </failure>
  </testcase> <!-- todaysDeals -->
  <testcase classname="com.ibm.testNgPractice2.search.BaseTest" name="@BeforeSuite openUrl" time="0.0">
    <ignored/>
  </testcase> <!-- @BeforeSuite openUrl -->
  <testcase classname="com.ibm.testNgPractice2.search.BaseTest" name="@AfterSuite closeBrowser" time="0.0">
    <ignored/>
  </testcase> <!-- @AfterSuite closeBrowser -->
</testsuite> <!-- Test -->
